<?xml version="1.0" encoding="UTF-8"?>
<!-- Generated by org.testng.reporters.JUnitXMLReporter -->
<testsuite ignored="4" hostname="VIJAY" failures="1" tests="1" name="Default test(failed)" time="0.079" errors="0" timestamp="2023-12-23T14:31:01 IST">
  <testcase classname="identifyFailCasesInTestNg.Myclass" name="TC1" time="0.013">
    <failure type="java.lang.AssertionError" message="null">
      <![CDATA[java.lang.AssertionError: null
at identifyFailCasesInTestNg.Myclass.TC1(Myclass.java:14)
at java.base/java.util.ArrayList.forEach(ArrayList.java:1511)
... Removed 29 stack frames]]>
    </failure>
  </testcase> <!-- TC1 -->
  <testcase classname="identifyFailCasesInTestNg.Myclass" name="Tc2" time="0.0">
    <ignored/>
  </testcase> <!-- Tc2 -->
  <testcase classname="identifyFailCasesInTestNg.Myclass" name="Tc4" time="0.0">
    <ignored/>
  </testcase> <!-- Tc4 -->
  <testcase classname="identifyFailCasesInTestNg.Myclass" name="Tc3" time="0.0">
    <ignored/>
  </testcase> <!-- Tc3 -->
  <testcase classname="identifyFailCasesInTestNg.Myclass" name="Tc5" time="0.0">
    <ignored/>
  </testcase> <!-- Tc5 -->
</testsuite> <!-- Default test(failed) -->
