<?xml version="1.0" encoding="UTF-8"?>
<!-- Generated by org.testng.reporters.JUnitXMLReporter -->
<testsuite ignored="0" hostname="VIJAY" failures="0" tests="3" name="Default test" time="31.533" errors="0" timestamp="2024-02-07T14:27:23 IST">
  <testcase classname="dataProvider.FB_Account_Form" name="fbTest" time="12.146"/>
  <testcase classname="dataProvider.FB_Account_Form" name="fbTest" time="9.726"/>
  <testcase classname="dataProvider.FB_Account_Form" name="fbTest" time="9.563"/>
</testsuite> <!-- Default test -->
