<?xml version="1.0" encoding="UTF-8"?>
<!-- Generated by org.testng.reporters.JUnitXMLReporter -->
<testsuite ignored="0" hostname="VIJAY" failures="0" tests="3" name="AjioTest" time="8.066" errors="0" timestamp="2024-02-05T17:42:32 IST">
  <testcase classname="serialAndParallelTestNg.Amazon" name="amazonTest" time="5.996"/>
  <testcase classname="serialAndParallelTestNg.Ajio" name="ajioTest" time="6.71"/>
  <testcase classname="serialAndParallelTestNg.Flipkart" name="flipkartTest" time="7.991"/>
</testsuite> <!-- AjioTest -->
