<?xml version="1.0" encoding="UTF-8"?>
<!-- Generated by org.testng.reporters.JUnitXMLReporter -->
<testsuite ignored="0" hostname="VIJAY" failures="0" tests="3" name="AjioTest" time="20.66" errors="0" timestamp="2023-12-24T12:14:24 IST">
  <testcase classname="serialAndParallelTestNg.Flipkart" name="flipkartTest" time="7.377"/>
  <testcase classname="serialAndParallelTestNg.Ajio" name="ajioTest" time="8.948"/>
  <testcase classname="serialAndParallelTestNg.Amazon" name="amazonTest" time="4.208"/>
</testsuite> <!-- AjioTest -->
