<?xml version="1.0" encoding="UTF-8"?>
<!-- Generated by org.testng.reporters.JUnitXMLReporter -->
<testsuite ignored="1" hostname="VIJAY" failures="0" tests="2" name="Test" time="0.094" errors="0" timestamp="2024-03-16T14:24:06 IST">
  <testcase classname="vijaySelenium.Practicegrouping" name="mytest" time="0.012"/>
  <testcase classname="vijaySelenium.Practicegrouping" name="mytest2" time="0.002"/>
  <testcase classname="vijaySelenium.Practicegrouping" name="mytest1" time="0.0">
    <ignored/>
  </testcase> <!-- mytest1 -->
</testsuite> <!-- Test -->
