<?xml version="1.0" encoding="UTF-8"?>
<!-- Generated by org.testng.reporters.JUnitXMLReporter -->
<testsuite ignored="0" hostname="VIJAY" failures="1" tests="3" name="Test" time="25.092" errors="0" timestamp="2024-03-27T15:27:12 IST">
  <testcase classname="vijaySelenium.MyCrossBrowser" name="CBT" time="0.0">
    <failure type="org.testng.TestNGException" message="
Parameter &amp;apos;bname&amp;apos; is required by @Test on method CBT but has not been marked @Optional or defined
in C:\Users\vijay\eclipse-workspace\vijaySelenium\MyCB.xml">
      <![CDATA[org.testng.TestNGException: 
Parameter 'bname' is required by @Test on method CBT but has not been marked @Optional or defined
in C:\Users\vijay\eclipse-workspace\vijaySelenium\MyCB.xml
at java.base/java.util.concurrent.ThreadPoolExecutor.runWorker(ThreadPoolExecutor.java:1136)
at java.base/java.util.concurrent.ThreadPoolExecutor$Worker.run(ThreadPoolExecutor.java:635)
at java.base/java.lang.Thread.run(Thread.java:833)
... Removed 11 stack frames]]>
    </failure>
  </testcase> <!-- CBT -->
  <testcase classname="vijaySelenium.MyCB" name="method1" time="8.901"/>
  <testcase classname="vijaySelenium.MyCB" name="method2" time="16.068"/>
</testsuite> <!-- Test -->
