<?xml version="1.0" encoding="UTF-8"?>
<!-- Generated by org.testng.reporters.JUnitXMLReporter -->
<testsuite ignored="4" hostname="VIJAY" failures="0" tests="1" name="Default test(failed)(failed)" time="0.07" errors="0" timestamp="2023-12-23T14:31:24 IST">
  <testcase classname="identifyFailCasesInTestNg.Myclass" name="TC1" time="0.011"/>
  <testcase classname="identifyFailCasesInTestNg.Myclass" name="Tc2" time="0.0">
    <ignored/>
  </testcase> <!-- Tc2 -->
  <testcase classname="identifyFailCasesInTestNg.Myclass" name="Tc4" time="0.0">
    <ignored/>
  </testcase> <!-- Tc4 -->
  <testcase classname="identifyFailCasesInTestNg.Myclass" name="Tc3" time="0.0">
    <ignored/>
  </testcase> <!-- Tc3 -->
  <testcase classname="identifyFailCasesInTestNg.Myclass" name="Tc5" time="0.0">
    <ignored/>
  </testcase> <!-- Tc5 -->
</testsuite> <!-- Default test(failed)(failed) -->
