<?xml version="1.0" encoding="UTF-8"?>
<testng-results ignored="0" total="1" passed="1" failed="0" skipped="0">
  <reporter-output>
    <line>
      <![CDATA[Opening Browser]]>
    </line>
    <line>
      <![CDATA[clicking on genderButton]]>
    </line>
    <line>
      <![CDATA[clicking on next Button]]>
    </line>
    <line>
      <![CDATA[Handling age dropdown]]>
    </line>
    <line>
      <![CDATA[Clicking on next button]]>
    </line>
    <line>
      <![CDATA[Entering pin code]]>
    </line>
    <line>
      <![CDATA[Entering mobile number]]>
    </line>
    <line>
      <![CDATA[Click on continue button]]>
    </line>
    <line>
      <![CDATA[Fetching Number of results from text]]>
    </line>
    <line>
      <![CDATA[Fetching number of results from Banners ]]>
    </line>
    <line>
      <![CDATA[TC is passed ]]>
    </line>
    <line>
      <![CDATA[Closing browser ]]>
    </line>
  </reporter-output>
  <suite started-at="2024-02-05T17:56:50 IST" name="Default suite" finished-at="2024-02-05T17:57:19 IST" duration-ms="29009">
    <groups>
    </groups>
    <test started-at="2024-02-05T17:56:50 IST" name="Default test" finished-at="2024-02-05T17:57:19 IST" duration-ms="29009">
      <class name="coverFoxUsingTestNg.CF_TC555_Validate_search_results_for_healthcare_policies">
        <test-method is-config="true" signature="launchBrowser()[pri:0, instance:coverFoxUsingTestNg.CF_TC555_Validate_search_results_for_healthcare_policies@2925bf5b]" started-at="2024-02-05T17:56:50 IST" name="launchBrowser" finished-at="2024-02-05T17:56:58 IST" duration-ms="7926" status="PASS">
          <reporter-output>
            <line>
              <![CDATA[Opening Browser]]>
            </line>
          </reporter-output>
        </test-method> <!-- launchBrowser -->
        <test-method is-config="true" signature="enterMemberDetails()[pri:0, instance:coverFoxUsingTestNg.CF_TC555_Validate_search_results_for_healthcare_policies@2925bf5b]" started-at="2024-02-05T17:56:58 IST" name="enterMemberDetails" finished-at="2024-02-05T17:57:05 IST" duration-ms="6979" status="PASS">
          <reporter-output>
            <line>
              <![CDATA[clicking on genderButton]]>
            </line>
            <line>
              <![CDATA[clicking on next Button]]>
            </line>
            <line>
              <![CDATA[Handling age dropdown]]>
            </line>
            <line>
              <![CDATA[Clicking on next button]]>
            </line>
            <line>
              <![CDATA[Entering pin code]]>
            </line>
            <line>
              <![CDATA[Entering mobile number]]>
            </line>
            <line>
              <![CDATA[Click on continue button]]>
            </line>
          </reporter-output>
        </test-method> <!-- enterMemberDetails -->
        <test-method signature="validateTestPlansFromTextAndBanners()[pri:0, instance:coverFoxUsingTestNg.CF_TC555_Validate_search_results_for_healthcare_policies@2925bf5b]" started-at="2024-02-05T17:57:05 IST" name="validateTestPlansFromTextAndBanners" finished-at="2024-02-05T17:57:16 IST" duration-ms="10737" status="PASS">
          <reporter-output>
            <line>
              <![CDATA[Fetching Number of results from text]]>
            </line>
            <line>
              <![CDATA[Fetching number of results from Banners ]]>
            </line>
            <line>
              <![CDATA[TC is passed ]]>
            </line>
          </reporter-output>
        </test-method> <!-- validateTestPlansFromTextAndBanners -->
        <test-method is-config="true" signature="closeBrowser()[pri:0, instance:coverFoxUsingTestNg.CF_TC555_Validate_search_results_for_healthcare_policies@2925bf5b]" started-at="2024-02-05T17:57:16 IST" name="closeBrowser" finished-at="2024-02-05T17:57:19 IST" duration-ms="3301" status="PASS">
          <reporter-output>
            <line>
              <![CDATA[Closing browser ]]>
            </line>
          </reporter-output>
        </test-method> <!-- closeBrowser -->
      </class> <!-- coverFoxUsingTestNg.CF_TC555_Validate_search_results_for_healthcare_policies -->
    </test> <!-- Default test -->
  </suite> <!-- Default suite -->
</testng-results>
