<?xml version="1.0" encoding="UTF-8"?>
<testng-results ignored="0" total="3" passed="3" failed="0" skipped="0">
  <reporter-output>
  </reporter-output>
  <suite started-at="2024-02-07T14:26:52 IST" name="Default suite" finished-at="2024-02-07T14:27:23 IST" duration-ms="31533">
    <groups>
    </groups>
    <test started-at="2024-02-07T14:26:52 IST" name="Default test" finished-at="2024-02-07T14:27:23 IST" duration-ms="31533">
      <class name="dataProvider.FB_Account_Form">
        <test-method signature="fbTest(java.lang.String,java.lang.String,java.lang.String)[pri:0, instance:dataProvider.FB_Account_Form@6a78afa0]" started-at="2024-02-07T14:26:52 IST" name="fbTest" data-provider="FBSanity" finished-at="2024-02-07T14:27:04 IST" duration-ms="12146" status="PASS">
          <params>
            <param index="0">
              <value>
                <![CDATA[ABC]]>
              </value>
            </param>
            <param index="1">
              <value>
                <![CDATA[XYX]]>
              </value>
            </param>
            <param index="2">
              <value>
                <![CDATA[9981898909]]>
              </value>
            </param>
          </params>
          <reporter-output>
          </reporter-output>
        </test-method> <!-- fbTest -->
        <test-method signature="fbTest(java.lang.String,java.lang.String,java.lang.String)[pri:0, instance:dataProvider.FB_Account_Form@6a78afa0]" started-at="2024-02-07T14:27:04 IST" name="fbTest" data-provider="FBSanity" finished-at="2024-02-07T14:27:14 IST" duration-ms="9726" status="PASS">
          <params>
            <param index="0">
              <value>
                <![CDATA[hjk]]>
              </value>
            </param>
            <param index="1">
              <value>
                <![CDATA[uuiu]]>
              </value>
            </param>
            <param index="2">
              <value>
                <![CDATA[7788990011]]>
              </value>
            </param>
          </params>
          <reporter-output>
          </reporter-output>
        </test-method> <!-- fbTest -->
        <test-method signature="fbTest(java.lang.String,java.lang.String,java.lang.String)[pri:0, instance:dataProvider.FB_Account_Form@6a78afa0]" started-at="2024-02-07T14:27:14 IST" name="fbTest" data-provider="FBSanity" finished-at="2024-02-07T14:27:23 IST" duration-ms="9563" status="PASS">
          <params>
            <param index="0">
              <value>
                <![CDATA[try]]>
              </value>
            </param>
            <param index="1">
              <value>
                <![CDATA[rtx]]>
              </value>
            </param>
            <param index="2">
              <value>
                <![CDATA[0011223456]]>
              </value>
            </param>
          </params>
          <reporter-output>
          </reporter-output>
        </test-method> <!-- fbTest -->
      </class> <!-- dataProvider.FB_Account_Form -->
    </test> <!-- Default test -->
  </suite> <!-- Default suite -->
</testng-results>
