<?xml version="1.0" encoding="UTF-8"?>
<testng-results ignored="0" total="1" passed="1" failed="0" skipped="0">
  <reporter-output>
  </reporter-output>
  <suite started-at="2024-04-10T00:14:08 IST" name="Default suite" finished-at="2024-04-10T00:14:20 IST" duration-ms="11881">
    <groups>
    </groups>
    <test started-at="2024-04-10T00:14:08 IST" name="Default test" finished-at="2024-04-10T00:14:20 IST" duration-ms="11881">
      <class name="practice.AutoSuggestions">
        <test-method signature="autosuggestions()[pri:0, instance:practice.AutoSuggestions@687e99d8]" started-at="2024-04-10T00:14:08 IST" name="autosuggestions" finished-at="2024-04-10T00:14:20 IST" duration-ms="11777" status="PASS">
          <reporter-output>
          </reporter-output>
        </test-method> <!-- autosuggestions -->
      </class> <!-- practice.AutoSuggestions -->
    </test> <!-- Default test -->
  </suite> <!-- Default suite -->
</testng-results>
