<?xml version="1.0" encoding="UTF-8"?>
<testng-results ignored="0" total="1" passed="1" failed="0" skipped="0">
  <reporter-output>
  </reporter-output>
  <suite started-at="2024-04-25T09:27:01 IST" name="Default suite" finished-at="2024-04-25T09:27:35 IST" duration-ms="33604">
    <groups>
    </groups>
    <test started-at="2024-04-25T09:27:01 IST" name="Default test" finished-at="2024-04-25T09:27:35 IST" duration-ms="33604">
      <class name="makeMyTrip.MakeMyTrip">
        <test-method signature="myTrip()[pri:0, instance:makeMyTrip.MakeMyTrip@687e99d8]" started-at="2024-04-25T09:27:02 IST" name="myTrip" finished-at="2024-04-25T09:27:35 IST" duration-ms="33536" status="PASS">
          <reporter-output>
          </reporter-output>
        </test-method> <!-- myTrip -->
      </class> <!-- makeMyTrip.MakeMyTrip -->
    </test> <!-- Default test -->
  </suite> <!-- Default suite -->
</testng-results>
