<?xml version="1.0" encoding="UTF-8"?>
<!-- Generated by org.testng.reporters.JUnitReportReporter -->
<testsuite hostname="VIJAY" failures="0" tests="3" name="dataProvider.FB_Account_Form" time="29.430" errors="0" timestamp="2024-01-04T22:09:22 IST" skipped="0">
  <testcase classname="dataProvider.FB_Account_Form" name="fbTest" time="9.332"/>
  <testcase classname="dataProvider.FB_Account_Form" name="fbTest" time="11.292"/>
  <testcase classname="dataProvider.FB_Account_Form" name="fbTest" time="8.806"/>
</testsuite> <!-- dataProvider.FB_Account_Form -->
