<?xml version="1.0" encoding="UTF-8"?>
<!-- Generated by org.testng.reporters.JUnitReportReporter -->
<testsuite hostname="VIJAY" failures="0" tests="3" name="dataProvider.FB_Account_Form" time="31.435" errors="0" timestamp="2024-02-07T14:27:24 IST" skipped="0">
  <testcase classname="dataProvider.FB_Account_Form" name="fbTest" time="9.563"/>
  <testcase classname="dataProvider.FB_Account_Form" name="fbTest" time="9.726"/>
  <testcase classname="dataProvider.FB_Account_Form" name="fbTest" time="12.146"/>
</testsuite> <!-- dataProvider.FB_Account_Form -->
