<?xml version="1.0" encoding="UTF-8"?>
<!-- Generated by org.testng.reporters.JUnitReportReporter -->
<testsuite hostname="VIJAY" failures="0" tests="3" name="testNgStudy.TestNg3Class" time="16.247" errors="0" timestamp="2023-12-18T11:22:52 IST" skipped="0">
  <testcase classname="testNgStudy.TestNg3Class" name="fbLaunch" time="5.930">
    <system-out>
      <![CDATA[FB Lauching]]>
    </system-out>
  </testcase> <!-- fbLaunch -->
  <testcase classname="testNgStudy.TestNg3Class" name="twitterLaunch" time="5.214">
    <system-out>
      <![CDATA[Twitter Launch]]>
    </system-out>
  </testcase> <!-- twitterLaunch -->
  <testcase classname="testNgStudy.TestNg3Class" name="instaLaunch" time="5.103">
    <system-out>
      <![CDATA[Instagram Launch]]>
    </system-out>
  </testcase> <!-- instaLaunch -->
  <system-out>
    <![CDATA[FB Lauching
Instagram Launch
Twitter Launch]]>
  </system-out>
</testsuite> <!-- testNgStudy.TestNg3Class -->
