<?xml version="1.0" encoding="UTF-8"?>
<!-- Generated by org.testng.reporters.JUnitReportReporter -->
<testsuite hostname="VIJAY" failures="0" tests="2" name="testNg_Practice.Pratice_Grouping_TestCases" time="0.006" errors="0" timestamp="2023-12-30T16:19:26 IST" skipped="0">
  <testcase classname="testNg_Practice.Pratice_Grouping_TestCases" name="second" time="0.004">
    <system-out>
      <![CDATA[This is the message from Second TC]]>
    </system-out>
  </testcase> <!-- second -->
  <testcase classname="testNg_Practice.Pratice_Grouping_TestCases" name="Fourth" time="0.002">
    <system-out>
      <![CDATA[This is the message from Fourth TC]]>
    </system-out>
  </testcase> <!-- Fourth -->
  <system-out>
    <![CDATA[This is the message from Fourth TC
This is the message from Second TC
This is the message from Fourth TC
This is the message from Second TC]]>
  </system-out>
</testsuite> <!-- testNg_Practice.Pratice_Grouping_TestCases -->
