<?xml version="1.0" encoding="UTF-8"?>
<!-- Generated by org.testng.reporters.JUnitReportReporter -->
<testsuite hostname="VIJAY" failures="0" tests="2" name="testNgAnnotations.Test1" time="0.012" errors="0" timestamp="2023-12-20T17:03:50 IST" skipped="0">
  <testcase classname="testNgAnnotations.Test1" name="TC1" time="0.008">
    <system-out>
      <![CDATA[Running TC1 ]]>
    </system-out>
  </testcase> <!-- TC1 -->
  <testcase classname="testNgAnnotations.Test1" name="TC2" time="0.004">
    <system-out>
      <![CDATA[Running TC2 ]]>
    </system-out>
  </testcase> <!-- TC2 -->
  <system-out>
    <![CDATA[Before suite is running
Before class is runing
Before method is runnig
Running TC1 
afterMethod method is runnig
Before method is runnig
Running TC2 
afterMethod method is runnig
afterClass class is runing
After Suite is running]]>
  </system-out>
</testsuite> <!-- testNgAnnotations.Test1 -->
