<?xml version="1.0" encoding="UTF-8"?>
<!-- Generated by org.testng.reporters.JUnitReportReporter -->
<testsuite hostname="VIJAY" failures="0" tests="2" name="testNgXmlUse.MyClass2" time="0.013" errors="0" timestamp="2024-02-05T14:25:08 IST" skipped="0">
  <testcase classname="testNgXmlUse.MyClass2" name="Tc7" time="0.008">
    <system-out>
      <![CDATA[Tc 7 is running]]>
    </system-out>
  </testcase> <!-- Tc7 -->
  <testcase classname="testNgXmlUse.MyClass2" name="Tc5" time="0.005">
    <system-out>
      <![CDATA[Tc5 is running]]>
    </system-out>
  </testcase> <!-- Tc5 -->
  <system-out>
    <![CDATA[Tc2 is running
Tc4 is running
Tc5 is running
Tc 7 is running]]>
  </system-out>
</testsuite> <!-- testNgXmlUse.MyClass2 -->
