<?xml version="1.0" encoding="UTF-8"?>
<!-- Generated by org.testng.reporters.JUnitReportReporter -->
<testsuite hostname="VIJAY" failures="0" tests="4" name="testNgKeywords.PracticeMixedKeywords" time="0.262" errors="1" timestamp="2024-02-05T11:05:52 IST" skipped="1">
  <testcase classname="testNgKeywords.PracticeMixedKeywords" name="b" time="0.000">
    <skipped/>
  </testcase> <!-- b -->
  <testcase classname="testNgKeywords.PracticeMixedKeywords" name="a" time="0.012">
    <system-out>
      <![CDATA[This is the execution of test case a]]>
    </system-out>
  </testcase> <!-- a -->
  <testcase classname="testNgKeywords.PracticeMixedKeywords" name="d" time="0.004">
    <system-out>
      <![CDATA[This is the execution of test case d]]>
    </system-out>
  </testcase> <!-- d -->
  <testcase classname="testNgKeywords.PracticeMixedKeywords" name="c" time="0.246">
    <error message="Method testNgKeywords.PracticeMixedKeywords.c() didn&#039;t finish within the time-out 200" type="org.testng.internal.thread.ThreadTimeoutException">
      <![CDATA[org.testng.internal.thread.ThreadTimeoutException: Method testNgKeywords.PracticeMixedKeywords.c() didn't finish within the time-out 200
at java.base@17.0.8/java.lang.Thread.sleep(Native Method)
at app//testNgKeywords.PracticeMixedKeywords.c(PracticeMixedKeywords.java:23)
at java.base@17.0.8/jdk.internal.reflect.NativeMethodAccessorImpl.invoke0(Native Method)
at java.base@17.0.8/jdk.internal.reflect.NativeMethodAccessorImpl.invoke(NativeMethodAccessorImpl.java:77)
at java.base@17.0.8/jdk.internal.reflect.DelegatingMethodAccessorImpl.invoke(DelegatingMethodAccessorImpl.java:43)
at java.base@17.0.8/java.lang.reflect.Method.invoke(Method.java:568)
at app//org.testng.internal.invokers.MethodInvocationHelper.invokeMethod(MethodInvocationHelper.java:139)
at app//org.testng.internal.invokers.InvokeMethodRunnable.runOne(InvokeMethodRunnable.java:47)
at app//org.testng.internal.invokers.InvokeMethodRunnable.call(InvokeMethodRunnable.java:76)
at app//org.testng.internal.invokers.InvokeMethodRunnable.call(InvokeMethodRunnable.java:11)
at java.base@17.0.8/java.util.concurrent.FutureTask.run(FutureTask.java:264)
at java.base@17.0.8/java.util.concurrent.ThreadPoolExecutor.runWorker(ThreadPoolExecutor.java:1136)
at java.base@17.0.8/java.util.concurrent.ThreadPoolExecutor$Worker.run(ThreadPoolExecutor.java:635)
at java.base@17.0.8/java.lang.Thread.run(Thread.java:833)
]]>
    </error>
  </testcase> <!-- c -->
  <system-out>
    <![CDATA[This is the execution of test case a
This is the execution of test case d]]>
  </system-out>
</testsuite> <!-- testNgKeywords.PracticeMixedKeywords -->
