<?xml version="1.0" encoding="UTF-8"?>
<!-- Generated by org.testng.reporters.JUnitReportReporter -->
<testsuite hostname="VIJAY" failures="0" tests="4" name="testNgKeywords.EnabledUse" time="0.019" errors="0" timestamp="2023-12-21T10:36:30 IST" skipped="1">
  <testcase classname="testNgKeywords.EnabledUse" name="d" time="0.002">
    <system-out>
      <![CDATA[TC d is running]]>
    </system-out>
  </testcase> <!-- d -->
  <testcase classname="testNgKeywords.EnabledUse" name="a" time="0.014">
    <system-out>
      <![CDATA[TC a is running]]>
    </system-out>
  </testcase> <!-- a -->
  <testcase classname="testNgKeywords.EnabledUse" name="c" time="0.003">
    <system-out>
      <![CDATA[TC c is running]]>
    </system-out>
  </testcase> <!-- c -->
  <testcase classname="testNgKeywords.EnabledUse" name="b">
    <skipped/>
  </testcase> <!-- b -->
  <system-out>
    <![CDATA[TC a is running
TC c is running
TC d is running]]>
  </system-out>
</testsuite> <!-- testNgKeywords.EnabledUse -->
