<?xml version="1.0" encoding="UTF-8"?>
<!-- Generated by org.testng.reporters.JUnitReportReporter -->
<testsuite hostname="VIJAY" failures="0" tests="7" name="testNgKeywords.InvocationCount" time="0.029" errors="0" timestamp="2023-12-20T17:20:10 IST" skipped="0">
  <testcase classname="testNgKeywords.InvocationCount" name="b" time="0.002">
    <system-out>
      <![CDATA[TC b is running]]>
    </system-out>
  </testcase> <!-- b -->
  <testcase classname="testNgKeywords.InvocationCount" name="b" time="0.003">
    <system-out>
      <![CDATA[TC b is running]]>
    </system-out>
  </testcase> <!-- b -->
  <testcase classname="testNgKeywords.InvocationCount" name="c" time="0.002">
    <system-out>
      <![CDATA[TC c is running]]>
    </system-out>
  </testcase> <!-- c -->
  <testcase classname="testNgKeywords.InvocationCount" name="b" time="0.002">
    <system-out>
      <![CDATA[TC b is running]]>
    </system-out>
  </testcase> <!-- b -->
  <testcase classname="testNgKeywords.InvocationCount" name="b" time="0.003">
    <system-out>
      <![CDATA[TC b is running]]>
    </system-out>
  </testcase> <!-- b -->
  <testcase classname="testNgKeywords.InvocationCount" name="a" time="0.013">
    <system-out>
      <![CDATA[TC a is running]]>
    </system-out>
  </testcase> <!-- a -->
  <testcase classname="testNgKeywords.InvocationCount" name="b" time="0.004">
    <system-out>
      <![CDATA[TC b is running]]>
    </system-out>
  </testcase> <!-- b -->
  <system-out>
    <![CDATA[TC a is running
TC b is running
TC b is running
TC b is running
TC b is running
TC b is running
TC c is running]]>
  </system-out>
</testsuite> <!-- testNgKeywords.InvocationCount -->
