<?xml version="1.0" encoding="UTF-8"?>
<!-- Generated by org.testng.reporters.JUnitReportReporter -->
<testsuite hostname="VIJAY" failures="0" tests="2" name="testNgAnnotations.Test2$TestClass2" time="0.026" errors="0" timestamp="2023-12-20T17:11:23 IST" skipped="0">
  <testcase classname="testNgAnnotations.Test2$TestClass2" name="TC3" time="0.020">
    <system-out>
      <![CDATA[Running TC3 ]]>
    </system-out>
  </testcase> <!-- TC3 -->
  <testcase classname="testNgAnnotations.Test2$TestClass2" name="TC4" time="0.006">
    <system-out>
      <![CDATA[Running TC4 ]]>
    </system-out>
  </testcase> <!-- TC4 -->
  <system-out>
    <![CDATA[Before test is running
Before class is runing
Before method is runnig
Running TC3 
afterMethod method is runnig
Before method is runnig
Running TC4 
afterMethod method is runnig
afterClass class is runing
after test is running]]>
  </system-out>
</testsuite> <!-- testNgAnnotations.Test2$TestClass2 -->
