<?xml version="1.0" encoding="UTF-8"?>
<!-- Generated by org.testng.reporters.JUnitReportReporter -->
<testsuite hostname="VIJAY" failures="0" tests="2" name="testNg_Practice.TestNg_practice" time="0.012" errors="0" timestamp="2024-02-17T23:35:11 IST" skipped="0">
  <testcase classname="testNg_Practice.TestNg_practice" name="newhome" time="0.001">
    <system-out>
      <![CDATA[This method is belogs to regression method]]>
    </system-out>
  </testcase> <!-- newhome -->
  <testcase classname="testNg_Practice.TestNg_practice" name="home" time="0.011">
    <system-out>
      <![CDATA[This method is belogs to sanity group]]>
    </system-out>
  </testcase> <!-- home -->
  <system-out>
    <![CDATA[This method is belogs to sanity group
This method is belogs to regression method]]>
  </system-out>
</testsuite> <!-- testNg_Practice.TestNg_practice -->
