<?xml version="1.0" encoding="UTF-8"?>
<!-- Generated by org.testng.reporters.JUnitReportReporter -->
<testsuite hostname="VIJAY" failures="0" tests="2" name="testNg_Practice.Pratice_Grouping_TestCases2" time="0.020" errors="0" timestamp="2023-12-30T16:19:26 IST" skipped="0">
  <testcase classname="testNg_Practice.Pratice_Grouping_TestCases2" name="sixth" time="0.003">
    <system-out>
      <![CDATA[This is the message from Second TC]]>
    </system-out>
  </testcase> <!-- sixth -->
  <testcase classname="testNg_Practice.Pratice_Grouping_TestCases2" name="Eight" time="0.017">
    <system-out>
      <![CDATA[This is the message from Fourth TC]]>
    </system-out>
  </testcase> <!-- Eight -->
  <system-out>
    <![CDATA[This is the message from Fourth TC
This is the message from Second TC
This is the message from Fourth TC
This is the message from Second TC]]>
  </system-out>
</testsuite> <!-- testNg_Practice.Pratice_Grouping_TestCases2 -->
