<?xml version="1.0" encoding="UTF-8"?>
<!-- Generated by org.testng.reporters.JUnitReportReporter -->
<testsuite hostname="VIJAY" failures="0" tests="2" name="vijaySelenium.Practicegrouping" time="0.014" errors="0" timestamp="2024-03-16T14:24:06 IST" skipped="0">
  <testcase classname="vijaySelenium.Practicegrouping" name="mytest" time="0.012">
    <system-out>
      <![CDATA[This is the message from reporter1]]>
    </system-out>
  </testcase> <!-- mytest -->
  <testcase classname="vijaySelenium.Practicegrouping" name="mytest2" time="0.002">
    <system-out>
      <![CDATA[This is message from reporter3]]>
    </system-out>
  </testcase> <!-- mytest2 -->
  <system-out>
    <![CDATA[This is the message from reporter1
This is message from reporter3]]>
  </system-out>
</testsuite> <!-- vijaySelenium.Practicegrouping -->
