<?xml version="1.0" encoding="UTF-8"?>
<!-- Generated by org.testng.reporters.JUnitReportReporter -->
<testsuite hostname="VIJAY" failures="0" tests="1" name="identifyFailCasesInTestNg.Myclass" time="0.011" errors="0" timestamp="2023-12-23T14:31:25 IST" skipped="0">
  <testcase classname="identifyFailCasesInTestNg.Myclass" name="TC1" time="0.011">
    <system-out>
      <![CDATA[Tc1 is running]]>
    </system-out>
  </testcase> <!-- TC1 -->
  <system-out>
    <![CDATA[Tc1 is running]]>
  </system-out>
</testsuite> <!-- identifyFailCasesInTestNg.Myclass -->
