<?xml version="1.0" encoding="UTF-8"?>
<!-- Generated by org.testng.reporters.JUnitReportReporter -->
<testsuite hostname="VIJAY" failures="0" tests="3" name="new_Practice.General" time="35.686" errors="0" timestamp="2024-03-26T14:03:07 IST" skipped="0">
  <testcase classname="new_Practice.General" name="CrossBrowser" time="11.018"/>
  <testcase classname="new_Practice.General" name="CrossBrowser" time="8.755"/>
  <testcase classname="new_Practice.General" name="CrossBrowser" time="15.913"/>
</testsuite> <!-- new_Practice.General -->
