<?xml version="1.0" encoding="UTF-8"?>
<!-- Generated by org.testng.reporters.JUnitReportReporter -->
<testsuite hostname="VIJAY" failures="0" tests="6" name="vijaySelenium.CBT" time="17.149" errors="0" timestamp="2024-03-26T13:39:09 IST" skipped="0">
  <testcase classname="vijaySelenium.CBT" name="crossbrowserTesting" time="7.489"/>
  <testcase classname="vijaySelenium.CBT" name="add" time="0.023"/>
  <testcase classname="vijaySelenium.CBT" name="crossbrowserTesting" time="0.005"/>
  <testcase classname="vijaySelenium.CBT" name="crossbrowserTesting" time="9.586"/>
  <testcase classname="vijaySelenium.CBT" name="add" time="0.023"/>
  <testcase classname="vijaySelenium.CBT" name="add" time="0.023"/>
</testsuite> <!-- vijaySelenium.CBT -->
