<?xml version="1.0" encoding="UTF-8"?>
<!-- Generated by org.testng.reporters.JUnitReportReporter -->
<testsuite hostname="VIJAY" failures="0" tests="1" name="coverFoxUsingTestNg.CF_TC555_Validate_search_results_for_healthcare_policies" time="21.017" errors="0" timestamp="2024-02-05T17:57:19 IST" skipped="0">
  <testcase classname="coverFoxUsingTestNg.CF_TC555_Validate_search_results_for_healthcare_policies" name="validateTestPlansFromTextAndBanners" time="21.017">
    <system-out>
      <![CDATA[Fetching Number of results from text
Fetching number of results from Banners 
TC is passed ]]>
    </system-out>
  </testcase> <!-- validateTestPlansFromTextAndBanners -->
  <system-out>
    <![CDATA[Opening Browser
clicking on genderButton
clicking on next Button
Handling age dropdown
Clicking on next button
Entering pin code
Entering mobile number
Click on continue button
Fetching Number of results from text
Fetching number of results from Banners 
TC is passed 
Closing browser ]]>
  </system-out>
</testsuite> <!-- coverFoxUsingTestNg.CF_TC555_Validate_search_results_for_healthcare_policies -->
