<?xml version="1.0" encoding="UTF-8"?>
<!-- Generated by org.testng.reporters.JUnitReportReporter -->
<testsuite hostname="VIJAY" failures="0" tests="2" name="testNgXmlUse.MyClass" time="0.017" errors="0" timestamp="2024-02-05T14:25:08 IST" skipped="0">
  <testcase classname="testNgXmlUse.MyClass" name="Tc4" time="0.004">
    <system-out>
      <![CDATA[Tc4 is running]]>
    </system-out>
  </testcase> <!-- Tc4 -->
  <testcase classname="testNgXmlUse.MyClass" name="Tc2" time="0.013">
    <system-out>
      <![CDATA[Tc2 is running]]>
    </system-out>
  </testcase> <!-- Tc2 -->
  <system-out>
    <![CDATA[Tc2 is running
Tc4 is running
Tc5 is running
Tc 7 is running]]>
  </system-out>
</testsuite> <!-- testNgXmlUse.MyClass -->
