<?xml version="1.0" encoding="UTF-8"?>
<!-- Generated by org.testng.reporters.JUnitReportReporter -->
<testsuite hostname="VIJAY" failures="0" tests="1" name="testNgKeywords.TimeOutUse" time="5.021" errors="0" timestamp="2023-12-21T10:31:40 IST" skipped="0">
  <testcase classname="testNgKeywords.TimeOutUse" name="payment" time="5.021">
    <system-out>
      <![CDATA[Payment done successfully]]>
    </system-out>
  </testcase> <!-- payment -->
  <system-out>
    <![CDATA[Payment done successfully]]>
  </system-out>
</testsuite> <!-- testNgKeywords.TimeOutUse -->
