<?xml version="1.0" encoding="UTF-8"?>
<!-- Generated by org.testng.reporters.JUnitReportReporter -->
<testsuite hostname="VIJAY" failures="0" tests="1" name="testNg_dataProvider_crossBrowserTesting.FB_AccountForm_Using_XMLData" time="13.058" errors="0" timestamp="2023-12-27T13:09:25 IST" skipped="0">
  <testcase classname="testNg_dataProvider_crossBrowserTesting.FB_AccountForm_Using_XMLData" name="fbTest" time="13.058"/>
</testsuite> <!-- testNg_dataProvider_crossBrowserTesting.FB_AccountForm_Using_XMLData -->
