<?xml version="1.0" encoding="UTF-8"?>
<!-- Generated by org.testng.reporters.JUnitReportReporter -->
<testsuite hostname="VIJAY" failures="0" tests="1" name="testNgStudy.TestNg2Class" time="0.014" errors="0" timestamp="2023-12-19T13:20:00 IST" skipped="0">
  <testcase classname="testNgStudy.TestNg2Class" name="myMethod" time="0.014">
    <system-out>
      <![CDATA[Hi this is reporter,with boolean parameeter
Hi this is the reporter,without boolean parameter]]>
    </system-out>
  </testcase> <!-- myMethod -->
  <system-out>
    <![CDATA[Hi this is reporter,with boolean parameeter
Hi this is the reporter,without boolean parameter]]>
  </system-out>
</testsuite> <!-- testNgStudy.TestNg2Class -->
