<?xml version="1.0" encoding="UTF-8"?>
<!-- Generated by org.testng.reporters.JUnitReportReporter -->
<testsuite hostname="VIJAY" failures="0" tests="3" name="testNgXmlUse.GroupingMethods2" time="0.010" errors="0" timestamp="2023-12-27T10:07:17 IST" skipped="0">
  <testcase classname="testNgXmlUse.GroupingMethods2" name="Tc8" time="0.005">
    <system-out>
      <![CDATA[Tc8 is running]]>
    </system-out>
  </testcase> <!-- Tc8 -->
  <testcase classname="testNgXmlUse.GroupingMethods2" name="Tc6" time="0.002">
    <system-out>
      <![CDATA[Tc6 is running]]>
    </system-out>
  </testcase> <!-- Tc6 -->
  <testcase classname="testNgXmlUse.GroupingMethods2" name="Tc9" time="0.003">
    <system-out>
      <![CDATA[Tc9 is running]]>
    </system-out>
  </testcase> <!-- Tc9 -->
  <system-out>
    <![CDATA[Tc1 is running
Tc2 is running
Tc4 is running
Tc6 is running
Tc8 is running
Tc9 is running]]>
  </system-out>
</testsuite> <!-- testNgXmlUse.GroupingMethods2 -->
