<?xml version="1.0" encoding="UTF-8"?>
<!-- Generated by org.testng.reporters.JUnitReportReporter -->
<testsuite hostname="VIJAY" failures="0" tests="3" name="testNgXmlUse.GroupingMethods1" time="0.020" errors="0" timestamp="2023-12-27T10:07:17 IST" skipped="0">
  <testcase classname="testNgXmlUse.GroupingMethods1" name="Tc4" time="0.003">
    <system-out>
      <![CDATA[Tc4 is running]]>
    </system-out>
  </testcase> <!-- Tc4 -->
  <testcase classname="testNgXmlUse.GroupingMethods1" name="Tc2" time="0.003">
    <system-out>
      <![CDATA[Tc2 is running]]>
    </system-out>
  </testcase> <!-- Tc2 -->
  <testcase classname="testNgXmlUse.GroupingMethods1" name="Tc1" time="0.014">
    <system-out>
      <![CDATA[Tc1 is running]]>
    </system-out>
  </testcase> <!-- Tc1 -->
  <system-out>
    <![CDATA[Tc1 is running
Tc2 is running
Tc4 is running
Tc6 is running
Tc8 is running
Tc9 is running]]>
  </system-out>
</testsuite> <!-- testNgXmlUse.GroupingMethods1 -->
