<?xml version="1.0" encoding="UTF-8"?>
<!-- Generated by org.testng.reporters.JUnitReportReporter -->
<testsuite hostname="VIJAY" failures="0" tests="3" name="testNgKeywords.DependsOnMethods" time="0.262" errors="0" timestamp="2024-02-05T11:07:08 IST" skipped="0">
  <testcase classname="testNgKeywords.DependsOnMethods" name="discount" time="0.002">
    <system-out>
      <![CDATA[Discount is used]]>
    </system-out>
  </testcase> <!-- discount -->
  <testcase classname="testNgKeywords.DependsOnMethods" name="couponCode" time="0.221">
    <system-out>
      <![CDATA[40% Discount is applied]]>
    </system-out>
  </testcase> <!-- couponCode -->
  <testcase classname="testNgKeywords.DependsOnMethods" name="payment" time="0.039">
    <system-out>
      <![CDATA[Payment done]]>
    </system-out>
  </testcase> <!-- payment -->
  <system-out>
    <![CDATA[40% Discount is applied
Payment done
Discount is used]]>
  </system-out>
</testsuite> <!-- testNgKeywords.DependsOnMethods -->
