<?xml version="1.0" encoding="UTF-8"?>
<!-- Generated by org.testng.reporters.JUnitReportReporter -->
<testsuite hostname="VIJAY" failures="0" tests="3" name="testNg_dataProvider_crossBrowserTesting.FB_Account_Form" time="38.905" errors="0" timestamp="2023-12-27T12:55:11 IST" skipped="0">
  <testcase classname="testNg_dataProvider_crossBrowserTesting.FB_Account_Form" name="fbTest" time="10.343"/>
  <testcase classname="testNg_dataProvider_crossBrowserTesting.FB_Account_Form" name="fbTest" time="18.982"/>
  <testcase classname="testNg_dataProvider_crossBrowserTesting.FB_Account_Form" name="fbTest" time="9.580"/>
</testsuite> <!-- testNg_dataProvider_crossBrowserTesting.FB_Account_Form -->
