<?xml version="1.0" encoding="UTF-8"?>
<!-- Generated by org.testng.reporters.JUnitReportReporter -->
<testsuite hostname="VIJAY" failures="0" tests="2" name="testNgXmlUse.MyClass" time="0.014" errors="0" timestamp="2023-12-22T13:05:10 IST" skipped="0">
  <testcase classname="testNgXmlUse.MyClass" name="Tc4" time="0.002">
    <system-out>
      <![CDATA[Tc4 is running]]>
    </system-out>
  </testcase> <!-- Tc4 -->
  <testcase classname="testNgXmlUse.MyClass" name="Tc2" time="0.012">
    <system-out>
      <![CDATA[Tc2 is running]]>
    </system-out>
  </testcase> <!-- Tc2 -->
  <system-out>
    <![CDATA[Tc2 is running
Tc4 is running
Tc5 is running
Tc 7 is running]]>
  </system-out>
</testsuite> <!-- testNgXmlUse.MyClass -->
