<?xml version="1.0" encoding="UTF-8"?>
<!-- Generated by org.testng.reporters.JUnitReportReporter -->
<testsuite hostname="VIJAY" failures="0" tests="5" name="testNgXmlUse.GroupingMethods1" time="0.039" errors="0" timestamp="2024-02-05T14:22:53 IST" skipped="0">
  <testcase classname="testNgXmlUse.GroupingMethods1" name="Tc1" time="0.019">
    <system-out>
      <![CDATA[Tc1 is running]]>
    </system-out>
  </testcase> <!-- Tc1 -->
  <testcase classname="testNgXmlUse.GroupingMethods1" name="Tc5" time="0.006">
    <system-out>
      <![CDATA[Tc5 is running]]>
    </system-out>
  </testcase> <!-- Tc5 -->
  <testcase classname="testNgXmlUse.GroupingMethods1" name="Tc2" time="0.006">
    <system-out>
      <![CDATA[Tc2 is running]]>
    </system-out>
  </testcase> <!-- Tc2 -->
  <testcase classname="testNgXmlUse.GroupingMethods1" name="Tc3" time="0.004">
    <system-out>
      <![CDATA[Tc3 is running]]>
    </system-out>
  </testcase> <!-- Tc3 -->
  <testcase classname="testNgXmlUse.GroupingMethods1" name="Tc4" time="0.004">
    <system-out>
      <![CDATA[Tc4 is running]]>
    </system-out>
  </testcase> <!-- Tc4 -->
  <system-out>
    <![CDATA[Tc1 is running
Tc2 is running
Tc3 is running
Tc4 is running
Tc5 is running]]>
  </system-out>
</testsuite> <!-- testNgXmlUse.GroupingMethods1 -->
