<?xml version="1.0" encoding="UTF-8"?>
<!-- Generated by org.testng.reporters.JUnitReportReporter -->
<testsuite hostname="VIJAY" failures="0" tests="6" name="testNgKeywords.MixedKeywords" time="0.023" errors="0" timestamp="2023-12-21T15:34:01 IST" skipped="0">
  <testcase classname="testNgKeywords.MixedKeywords" name="a" time="0.001">
    <system-out>
      <![CDATA[Tc a is running]]>
    </system-out>
  </testcase> <!-- a -->
  <testcase classname="testNgKeywords.MixedKeywords" name="c" time="0.003">
    <system-out>
      <![CDATA[Tc c is running]]>
    </system-out>
  </testcase> <!-- c -->
  <testcase classname="testNgKeywords.MixedKeywords" name="b" time="0.011">
    <system-out>
      <![CDATA[Tc b is running]]>
    </system-out>
  </testcase> <!-- b -->
  <testcase classname="testNgKeywords.MixedKeywords" name="d" time="0.003">
    <system-out>
      <![CDATA[Tc d is running]]>
    </system-out>
  </testcase> <!-- d -->
  <testcase classname="testNgKeywords.MixedKeywords" name="d" time="0.002">
    <system-out>
      <![CDATA[Tc d is running]]>
    </system-out>
  </testcase> <!-- d -->
  <testcase classname="testNgKeywords.MixedKeywords" name="d" time="0.003">
    <system-out>
      <![CDATA[Tc d is running]]>
    </system-out>
  </testcase> <!-- d -->
  <system-out>
    <![CDATA[Tc b is running
Tc c is running
Tc d is running
Tc d is running
Tc d is running
Tc a is running]]>
  </system-out>
</testsuite> <!-- testNgKeywords.MixedKeywords -->
