<?xml version="1.0" encoding="UTF-8"?>
<!-- Generated by org.testng.reporters.JUnitReportReporter -->
<testsuite hostname="VIJAY" failures="0" tests="2" name="practice2.PracticeCrossBrowsertesting" time="16.217" errors="0" timestamp="2024-03-01T20:14:48 IST" skipped="0">
  <testcase classname="practice2.PracticeCrossBrowsertesting" name="browserselect" time="5.802"/>
  <testcase classname="practice2.PracticeCrossBrowsertesting" name="browserselect" time="10.415"/>
</testsuite> <!-- practice2.PracticeCrossBrowsertesting -->
